<?xml version="1.0" encoding="UTF-8"?>
<!-- Generated by org.testng.reporters.JUnitReportReporter -->
<testsuite hostname="DESKTOP-05AQO6Q" failures="0" tests="2" name="Test_page.Createpost_test" time="26.378" errors="0" timestamp="2023-04-14T11:01:57 IST" skipped="0">
  <testcase classname="Test_page.Createpost_test" name="login" time="3.547"/>
  <system-out/>
  <testcase classname="Test_page.Createpost_test" name="createpost" time="22.831"/>
  <system-out/>
</testsuite> <!-- Test_page.Createpost_test -->
