<?xml version="1.0" encoding="UTF-8"?>
<!-- Generated by org.testng.reporters.JUnitReportReporter -->
<testsuite hostname="DESKTOP-05AQO6Q" failures="0" tests="1" name="Test_page.Login_test" time="10.859" errors="0" timestamp="2023-04-06T11:09:51 IST" skipped="0">
  <testcase classname="Test_page.Login_test" name="login" time="10.859"/>
  <system-out/>
</testsuite> <!-- Test_page.Login_test -->
