<?xml version="1.0" encoding="UTF-8"?>
<!-- Generated by org.testng.reporters.JUnitReportReporter -->
<testsuite hostname="DESKTOP-05AQO6Q" failures="0" tests="1" name="Test_page.Send_message_test" time="22.644" errors="0" timestamp="2023-04-06T11:42:58 IST" skipped="0">
  <testcase classname="Test_page.Send_message_test" name="login" time="22.644"/>
  <system-out/>
</testsuite> <!-- Test_page.Send_message_test -->
